23:35:41,030  INFO testespring:35 - Tipo de contato: TELEFONE
  23:35:41,035  INFO testespring:51 - Tipo de documento: CPF
  23:35:41,038  INFO model:22 - Inserindo cliente "Bruno Costa"...
  23:37:08,072  INFO testespring:35 - Tipo de contato: TELEFONE
  23:37:08,079  INFO testespring:51 - Tipo de documento: CPF
  23:37:08,082  INFO model:22 - Inserindo cliente "Bruno Costa"...
  23:55:53,415  INFO testespring:35 - Tipo de contato: TELEFONE
  23:55:53,419  INFO testespring:51 - Tipo de documento: CPF
  23:55:53,424  INFO model:22 - Inserindo cliente "Bruno Costa"...
  00:12:47,686  INFO testespring:41 - Tipo de contato: TELEFONE
  00:12:47,690  INFO testespring:57 - Tipo de documento: CPF
  00:12:48,181  INFO model:22 - Inserindo cliente "Bruno Costa"...
  00:15:00,533  INFO testespring:41 - Tipo de contato: TELEFONE
  00:15:00,539  INFO testespring:57 - Tipo de documento: CPF
  00:15:00,992  INFO model:22 - Inserindo cliente "Bruno Costa"...
  00:15:38,176  INFO testespring:41 - Tipo de contato: TELEFONE
  00:15:38,181  INFO testespring:57 - Tipo de documento: CPF
  00:15:38,686  INFO model:22 - Inserindo cliente "Bruno Costa"...
  00:16:45,817  INFO testespring:41 - Tipo de contato: TELEFONE
  00:16:45,821  INFO testespring:57 - Tipo de documento: CPF
  00:18:19,345  INFO testespring:41 - Tipo de contato: TELEFONE
  00:18:19,349  INFO testespring:57 - Tipo de documento: CPF
  00:18:19,858  INFO model:22 - Inserindo cliente "Bruno Costa"...
  00:18:42,907  INFO testespring:41 - Tipo de contato: TELEFONE
  00:18:42,912  INFO testespring:57 - Tipo de documento: CPF
  00:18:43,382  INFO model:22 - Inserindo cliente "Bruno Costa"...
  00:19:25,280  INFO testespring:41 - Tipo de contato: TELEFONE
  00:19:25,283  INFO testespring:57 - Tipo de documento: CPF
  00:19:25,744  INFO model:22 - Inserindo cliente "Bruno Costa"...
  00:19:28,244  INFO model:22 - Inserindo cliente "Bruno Costa"...
  00:21:30,754  INFO testespring:41 - Tipo de contato: TELEFONE
  00:21:30,757  INFO testespring:57 - Tipo de documento: CPF
  00:21:31,219  INFO model:23 - Inserindo cliente "Bruno Costa"...
  00:21:47,475  INFO testespring:41 - Tipo de contato: TELEFONE
  00:21:47,479  INFO testespring:57 - Tipo de documento: CPF
  00:21:47,925  INFO model:23 - Inserindo cliente "Bruno Costa"...
  00:21:49,933  INFO model:23 - Inserindo cliente "Bruno Costa"...
  00:22:45,974  INFO testespring:41 - Tipo de contato: TELEFONE
  00:22:45,977  INFO testespring:57 - Tipo de documento: CPF
  00:22:46,483  INFO model:23 - Inserindo cliente "Bruno Costa"...
  00:22:49,084  INFO model:23 - Inserindo cliente "Bruno Costa"...
  00:24:26,089  INFO testespring:41 - Tipo de contato: TELEFONE
  00:24:26,092  INFO testespring:57 - Tipo de documento: CPF
  00:27:02,524  INFO testespring:41 - Tipo de contato: TELEFONE
  00:27:02,530  INFO testespring:57 - Tipo de documento: CPF
  00:29:02,191  INFO testespring:41 - Tipo de contato: TELEFONE
  00:29:02,197  INFO testespring:57 - Tipo de documento: CPF
  00:29:27,734  INFO testespring:41 - Tipo de contato: TELEFONE
  00:29:27,739  INFO testespring:57 - Tipo de documento: CPF
  00:30:45,662  INFO testespring:41 - Tipo de contato: TELEFONE
  00:30:45,667  INFO testespring:57 - Tipo de documento: CPF
  00:33:18,917  INFO testespring:41 - Tipo de contato: TELEFONE
  00:33:18,924  INFO testespring:57 - Tipo de documento: CPF
  00:36:30,435  INFO testespring:41 - Tipo de contato: TELEFONE
  00:36:30,438  INFO testespring:57 - Tipo de documento: CPF
  00:36:30,935  INFO model:23 - Inserindo cliente "Bruno Costa"...
  00:36:49,941  INFO testespring:41 - Tipo de contato: TELEFONE
  00:36:49,945  INFO testespring:57 - Tipo de documento: CPF
  00:36:50,458  INFO model:23 - Inserindo cliente "Bruno Costa"...
  00:43:54,214  INFO testespring:41 - Tipo de contato: TELEFONE
  00:43:54,217  INFO testespring:57 - Tipo de documento: CPF
  00:43:54,720  INFO model:23 - Inserindo cliente "Bruno Costa"...
  00:47:56,261  INFO testespring:41 - Tipo de contato: TELEFONE
  00:47:56,265  INFO testespring:57 - Tipo de documento: CPF
  00:48:20,987  INFO testespring:41 - Tipo de contato: TELEFONE
  00:48:20,992  INFO testespring:57 - Tipo de documento: CPF
  00:49:43,408  INFO testespring:41 - Tipo de contato: TELEFONE
  00:49:43,412  INFO testespring:57 - Tipo de documento: CPF
  00:52:05,765  INFO testespring:41 - Tipo de contato: TELEFONE
  00:52:05,769  INFO testespring:57 - Tipo de documento: CPF
  09:01:46,128 ERROR SqlExceptionHelper:142 - Falha na conexão TCP/IP com o host 192.168.1.14, porta 1433. Erro: "connect timed out. Verifique as propriedades da conexão. Verifique se uma instância do SQL Server está sendo executada no host e se está aceitando conexões TCP/IP na porta. Verifique se as conexões TCP na porta não foram bloqueadas por um firewall.".
  09:02:24,951 ERROR SqlExceptionHelper:142 - Falha na conexão TCP/IP com o host 192.168.0.14, porta 1433. Erro: "connect timed out. Verifique as propriedades da conexão. Verifique se uma instância do SQL Server está sendo executada no host e se está aceitando conexões TCP/IP na porta. Verifique se as conexões TCP na porta não foram bloqueadas por um firewall.".
  09:04:49,598 ERROR SqlExceptionHelper:142 - Falha na conexão TCP/IP com o host 192.168.0.14, porta 1433. Erro: "connect timed out. Verifique as propriedades da conexão. Verifique se uma instância do SQL Server está sendo executada no host e se está aceitando conexões TCP/IP na porta. Verifique se as conexões TCP na porta não foram bloqueadas por um firewall.".
  09:07:03,119 ERROR SqlExceptionHelper:142 - Falha na conexão TCP/IP com o host 192.168.0.14, porta 1433. Erro: "connect timed out. Verifique as propriedades da conexão. Verifique se uma instância do SQL Server está sendo executada no host e se está aceitando conexões TCP/IP na porta. Verifique se as conexões TCP na porta não foram bloqueadas por um firewall.".
  09:08:52,577 ERROR SqlExceptionHelper:142 - Falha na conexão TCP/IP com o host CROSSHAIR-V, porta 1433. Erro: "Socket operation on nonsocket: configureBlocking. Verifique as propriedades da conexão. Verifique se uma instância do SQL Server está sendo executada no host e se está aceitando conexões TCP/IP na porta. Verifique se as conexões TCP na porta não foram bloqueadas por um firewall.".
  09:15:04,620 ERROR SqlExceptionHelper:142 - Falha na conexão TCP/IP com o host CROSSHAIR-V, porta 1433. Erro: "connect timed out. Verifique as propriedades da conexão. Verifique se uma instância do SQL Server está sendo executada no host e se está aceitando conexões TCP/IP na porta. Verifique se as conexões TCP na porta não foram bloqueadas por um firewall.".
  09:15:40,310 ERROR SqlExceptionHelper:142 - Falha na conexão TCP/IP com o host 192.168.0.14, porta 1433. Erro: "connect timed out. Verifique as propriedades da conexão. Verifique se uma instância do SQL Server está sendo executada no host e se está aceitando conexões TCP/IP na porta. Verifique se as conexões TCP na porta não foram bloqueadas por um firewall.".
  10:17:53,906  INFO testespring:37 - Tipo de contato: TELEFONE
  10:17:53,910  INFO testespring:53 - Tipo de documento: CPF
  10:41:53,061  INFO testespring:39 - Tipo de contato: TELEFONE
  10:41:53,065  INFO testespring:55 - Tipo de documento: CPF
  10:42:14,499  INFO testespring:39 - Tipo de contato: TELEFONE
  10:42:14,502  INFO testespring:55 - Tipo de documento: CPF
  10:44:45,740  INFO testespring:39 - Tipo de contato: TELEFONE
  10:44:45,744  INFO testespring:55 - Tipo de documento: CPF
  10:48:26,509  INFO testespring:39 - Tipo de contato: TELEFONE
  10:48:26,513  INFO testespring:55 - Tipo de documento: CPF
  10:48:50,353  INFO testespring:39 - Tipo de contato: TELEFONE
  10:48:50,360  INFO testespring:55 - Tipo de documento: CPF
  10:59:26,336  INFO testespring:39 - Tipo de contato: TELEFONE
  10:59:26,340  INFO testespring:55 - Tipo de documento: CPF
  11:00:02,912  INFO testespring:39 - Tipo de contato: TELEFONE
  11:00:02,917  INFO testespring:55 - Tipo de documento: CPF
  11:08:59,444  INFO testespring:39 - Tipo de contato: TELEFONE
  11:08:59,451  INFO testespring:55 - Tipo de documento: CPF
  11:16:24,760  INFO testespring:38 - Tipo de contato: TELEFONE
  11:16:24,764  INFO testespring:54 - Tipo de documento: CPF
  11:20:11,843  INFO testespring:38 - Tipo de contato: TELEFONE
  11:20:11,848  INFO testespring:54 - Tipo de documento: CPF
  11:20:41,713  INFO testespring:38 - Tipo de contato: TELEFONE
  11:20:41,715  INFO testespring:54 - Tipo de documento: CPF
  11:21:44,718  INFO testespring:38 - Tipo de contato: TELEFONE
  11:21:44,721  INFO testespring:54 - Tipo de documento: CPF
  11:24:39,952  INFO testespring:38 - Tipo de contato: TELEFONE
  11:24:39,955  INFO testespring:54 - Tipo de documento: CPF
  11:25:47,832  INFO testespring:38 - Tipo de contato: TELEFONE
  11:25:47,835  INFO testespring:54 - Tipo de documento: CPF
  11:26:46,957  INFO testespring:38 - Tipo de contato: TELEFONE
  11:26:46,960  INFO testespring:54 - Tipo de documento: CPF
  11:28:20,775  INFO testespring:38 - Tipo de contato: TELEFONE
  11:28:20,778  INFO testespring:54 - Tipo de documento: CPF
  11:28:28,004  INFO testespring:38 - Tipo de contato: TELEFONE
  11:28:28,007  INFO testespring:54 - Tipo de documento: CPF
  11:30:11,130  INFO testespring:38 - Tipo de contato: TELEFONE
  11:30:11,133  INFO testespring:54 - Tipo de documento: CPF
  11:30:47,893  INFO testespring:42 - Tipo de contato: TELEFONE
  11:30:47,896  INFO testespring:58 - Tipo de documento: CPF
  11:30:58,476  INFO testespring:42 - Tipo de contato: TELEFONE
  11:30:58,479  INFO testespring:58 - Tipo de documento: CPF
  11:31:08,230  INFO testespring:42 - Tipo de contato: TELEFONE
  11:31:08,233  INFO testespring:58 - Tipo de documento: CPF
  11:32:12,476  INFO testespring:42 - Tipo de contato: TELEFONE
  11:32:12,481  INFO testespring:58 - Tipo de documento: CPF
  10:32:34,250  INFO testespring:42 - Tipo de contato: TELEFONE
  10:32:34,253  INFO testespring:58 - Tipo de documento: CPF
  